<?xml version="1.0" encoding="UTF-8"?>
<!-- Generated by org.testng.reporters.JUnitReportReporter -->
<testsuite hostname="SRK" failures="0" tests="1" name="bookone.Clock" time="0.036" errors="0" timestamp="21 Mar 2020 07:04:34 GMT" skipped="0">
  <testcase classname="bookone.Clock" name="main456" time="0.036"/>
</testsuite> <!-- bookone.Clock -->
