<?xml version="1.0" encoding="UTF-8"?>
<!-- Generated by org.testng.reporters.JUnitReportReporter -->
<testsuite hostname="SRK" failures="0" tests="1" name="test.Clock" time="0.031" errors="0" timestamp="21 Mar 2020 06:49:39 GMT" skipped="0">
  <testcase classname="test.Clock" name="main456" time="0.031"/>
</testsuite> <!-- test.Clock -->
