<?xml version="1.0" encoding="UTF-8"?>
<!-- Generated by org.testng.reporters.JUnitReportReporter -->
<testsuite hostname="SRK" failures="0" tests="1" name="demo.Sample" time="11.739" errors="0" timestamp="21 Mar 2020 07:33:57 GMT" skipped="0">
  <testcase classname="demo.Sample" name="mainpqr" time="11.739"/>
</testsuite> <!-- demo.Sample -->
